<?xml version="1.0" encoding="UTF-8"?>
<!-- Generated by org.testng.reporters.JUnitReportReporter -->
<testsuite hostname="Sathyas-MacBook-Pro.local" failures="0" tests="1" name="Example1TestNG.Example1" time="0.010" errors="0" timestamp="03 Dec 2019 23:26:13 GMT" skipped="0">
  <testcase classname="Example1TestNG.Example1" name="sample1" time="0.010"/>
</testsuite> <!-- Example1TestNG.Example1 -->
